[23-Mar-2020 20:44:46 UTC] PHP Notice:  Constant WP_DEBUG already defined in C:\wamp64\www\wordpress\wp-config.php on line 97
[23-Mar-2020 20:44:46 UTC] PHP Stack trace:
[23-Mar-2020 20:44:46 UTC] PHP   1. {main}() C:\wamp64\www\wordpress\wp-admin\admin-ajax.php:0
[23-Mar-2020 20:44:46 UTC] PHP   2. require_once() C:\wamp64\www\wordpress\wp-admin\admin-ajax.php:22
[23-Mar-2020 20:44:46 UTC] PHP   3. require_once() C:\wamp64\www\wordpress\wp-load.php:37
[23-Mar-2020 20:44:46 UTC] PHP   4. define() C:\wamp64\www\wordpress\wp-config.php:97
[23-Mar-2020 20:44:47 UTC] PHP Notice:  Constant WP_DEBUG already defined in C:\wamp64\www\wordpress\wp-config.php on line 97
[23-Mar-2020 20:44:47 UTC] PHP Stack trace:
[23-Mar-2020 20:44:47 UTC] PHP   1. {main}() C:\wamp64\www\wordpress\index.php:0
[23-Mar-2020 20:44:47 UTC] PHP   2. require() C:\wamp64\www\wordpress\index.php:17
[23-Mar-2020 20:44:47 UTC] PHP   3. require_once() C:\wamp64\www\wordpress\wp-blog-header.php:13
[23-Mar-2020 20:44:47 UTC] PHP   4. require_once() C:\wamp64\www\wordpress\wp-load.php:37
[23-Mar-2020 20:44:47 UTC] PHP   5. define() C:\wamp64\www\wordpress\wp-config.php:97
[23-Mar-2020 20:44:51 UTC] PHP Notice:  Constant WP_DEBUG already defined in C:\wamp64\www\wordpress\wp-config.php on line 97
[23-Mar-2020 20:44:51 UTC] PHP Stack trace:
[23-Mar-2020 20:44:51 UTC] PHP   1. {main}() C:\wamp64\www\wordpress\wp-admin\admin-ajax.php:0
[23-Mar-2020 20:44:51 UTC] PHP   2. require_once() C:\wamp64\www\wordpress\wp-admin\admin-ajax.php:22
[23-Mar-2020 20:44:51 UTC] PHP   3. require_once() C:\wamp64\www\wordpress\wp-load.php:37
[23-Mar-2020 20:44:51 UTC] PHP   4. define() C:\wamp64\www\wordpress\wp-config.php:97
[23-Mar-2020 20:44:51 UTC] PHP Notice:  Constant WP_DEBUG already defined in C:\wamp64\www\wordpress\wp-config.php on line 97
[23-Mar-2020 20:44:51 UTC] PHP Stack trace:
[23-Mar-2020 20:44:51 UTC] PHP   1. {main}() C:\wamp64\www\wordpress\wp-admin\post.php:0
[23-Mar-2020 20:44:51 UTC] PHP   2. require_once() C:\wamp64\www\wordpress\wp-admin\post.php:12
[23-Mar-2020 20:44:51 UTC] PHP   3. require_once() C:\wamp64\www\wordpress\wp-admin\admin.php:34
[23-Mar-2020 20:44:51 UTC] PHP   4. require_once() C:\wamp64\www\wordpress\wp-load.php:37
[23-Mar-2020 20:44:51 UTC] PHP   5. define() C:\wamp64\www\wordpress\wp-config.php:97
[23-Mar-2020 20:44:52 UTC] PHP Notice:  Constant WP_DEBUG already defined in C:\wamp64\www\wordpress\wp-config.php on line 97
[23-Mar-2020 20:44:52 UTC] PHP Stack trace:
[23-Mar-2020 20:44:52 UTC] PHP   1. {main}() C:\wamp64\www\wordpress\index.php:0
[23-Mar-2020 20:44:52 UTC] PHP   2. require() C:\wamp64\www\wordpress\index.php:17
[23-Mar-2020 20:44:52 UTC] PHP   3. require_once() C:\wamp64\www\wordpress\wp-blog-header.php:13
[23-Mar-2020 20:44:52 UTC] PHP   4. require_once() C:\wamp64\www\wordpress\wp-load.php:37
[23-Mar-2020 20:44:52 UTC] PHP   5. define() C:\wamp64\www\wordpress\wp-config.php:97
[23-Mar-2020 20:44:52 UTC] PHP Notice:  Constant WP_DEBUG already defined in C:\wamp64\www\wordpress\wp-config.php on line 97
[23-Mar-2020 20:44:52 UTC] PHP Stack trace:
[23-Mar-2020 20:44:52 UTC] PHP   1. {main}() C:\wamp64\www\wordpress\index.php:0
[23-Mar-2020 20:44:52 UTC] PHP   2. require() C:\wamp64\www\wordpress\index.php:17
[23-Mar-2020 20:44:52 UTC] PHP   3. require_once() C:\wamp64\www\wordpress\wp-blog-header.php:13
[23-Mar-2020 20:44:52 UTC] PHP   4. require_once() C:\wamp64\www\wordpress\wp-load.php:37
[23-Mar-2020 20:44:52 UTC] PHP   5. define() C:\wamp64\www\wordpress\wp-config.php:97
[23-Mar-2020 20:44:53 UTC] PHP Notice:  Constant WP_DEBUG already defined in C:\wamp64\www\wordpress\wp-config.php on line 97
[23-Mar-2020 20:44:53 UTC] PHP Notice:  Constant WP_DEBUG already defined in C:\wamp64\www\wordpress\wp-config.php on line 97
[23-Mar-2020 20:44:53 UTC] PHP Stack trace:
[23-Mar-2020 20:44:53 UTC] PHP Stack trace:
[23-Mar-2020 20:44:53 UTC] PHP   1. {main}() C:\wamp64\www\wordpress\index.php:0
[23-Mar-2020 20:44:53 UTC] PHP   1. {main}() C:\wamp64\www\wordpress\index.php:0
[23-Mar-2020 20:44:53 UTC] PHP   2. require() C:\wamp64\www\wordpress\index.php:17
[23-Mar-2020 20:44:53 UTC] PHP   2. require() C:\wamp64\www\wordpress\index.php:17
[23-Mar-2020 20:44:53 UTC] PHP   3. require_once() C:\wamp64\www\wordpress\wp-blog-header.php:13
[23-Mar-2020 20:44:53 UTC] PHP   3. require_once() C:\wamp64\www\wordpress\wp-blog-header.php:13
[23-Mar-2020 20:44:53 UTC] PHP   4. require_once() C:\wamp64\www\wordpress\wp-load.php:37
[23-Mar-2020 20:44:53 UTC] PHP   4. require_once() C:\wamp64\www\wordpress\wp-load.php:37
[23-Mar-2020 20:44:53 UTC] PHP   5. define() C:\wamp64\www\wordpress\wp-config.php:97
[23-Mar-2020 20:44:53 UTC] PHP   5. define() C:\wamp64\www\wordpress\wp-config.php:97
[23-Mar-2020 20:45:53 UTC] PHP Notice:  Constant WP_DEBUG already defined in C:\wamp64\www\wordpress\wp-config.php on line 97
[23-Mar-2020 20:45:53 UTC] PHP Stack trace:
[23-Mar-2020 20:45:53 UTC] PHP   1. {main}() C:\wamp64\www\wordpress\wp-admin\admin-ajax.php:0
[23-Mar-2020 20:45:53 UTC] PHP   2. require_once() C:\wamp64\www\wordpress\wp-admin\admin-ajax.php:22
[23-Mar-2020 20:45:53 UTC] PHP   3. require_once() C:\wamp64\www\wordpress\wp-load.php:37
[23-Mar-2020 20:45:53 UTC] PHP   4. define() C:\wamp64\www\wordpress\wp-config.php:97
